c:\users\suokuism\programming\kactus2dev\plugins\quartusprojectgenerator\release\qrc_quartusprojectgenerator.obj
c:\users\suokuism\programming\kactus2dev\plugins\quartusprojectgenerator\release\quartusgenerator.obj
c:\users\suokuism\programming\kactus2dev\plugins\quartusprojectgenerator\release\quartusprojectgenerator.obj
c:\users\suokuism\programming\kactus2dev\plugins\quartusprojectgenerator\release\componentsearch.obj
c:\users\suokuism\programming\kactus2dev\plugins\quartusprojectgenerator\release\moc_quartusgenerator.obj
c:\users\suokuism\programming\kactus2dev\plugins\quartusprojectgenerator\release\moc_quartusprojectgenerator.obj
c:\users\suokuism\programming\kactus2dev\executable\plugins\quartusprojectgenerator.dll
c:\users\suokuism\programming\kactus2dev\plugins\quartusprojectgenerator\.\generatedfiles\release\moc_quartusprojectgenerator.cpp
c:\users\suokuism\programming\kactus2dev\plugins\quartusprojectgenerator\.\generatedfiles\release\moc_quartusgenerator.cpp
c:\users\suokuism\programming\kactus2dev\plugins\quartusprojectgenerator\generatedfiles\qrc_quartusprojectgenerator.cpp
c:\users\suokuism\programming\kactus2dev\plugins\quartusprojectgenerator\generatedfiles\release\moc_quartusprojectgenerator.cpp
c:\users\suokuism\programming\kactus2dev\plugins\quartusprojectgenerator\generatedfiles\release\moc_quartusgenerator.cpp
c:\users\suokuism\programming\kactus2dev\plugins\quartusprojectgenerator\.\generatedfiles\qrc_quartusprojectgenerator.cpp
c:\users\suokuism\programming\kactus2dev\executable\plugins\quartusprojectgenerator.lib
c:\users\suokuism\programming\kactus2dev\executable\plugins\quartusprojectgenerator.exp
c:\users\suokuism\programming\kactus2dev\plugins\quartusprojectgenerator\\release\quartusprojectgenerator.vcxproj.filelistabsolute.txt
c:\users\suokuism\programming\kactus2dev\plugins\quartusprojectgenerator\release\quartusp.19fabf05.tlog\cl.command.1.tlog
c:\users\suokuism\programming\kactus2dev\plugins\quartusprojectgenerator\release\quartusp.19fabf05.tlog\cl.items.tlog
c:\users\suokuism\programming\kactus2dev\plugins\quartusprojectgenerator\release\quartusp.19fabf05.tlog\cl.read.1.tlog
c:\users\suokuism\programming\kactus2dev\plugins\quartusprojectgenerator\release\quartusp.19fabf05.tlog\cl.write.1.tlog
c:\users\suokuism\programming\kactus2dev\plugins\quartusprojectgenerator\release\quartusp.19fabf05.tlog\link.command.1.tlog
c:\users\suokuism\programming\kactus2dev\plugins\quartusprojectgenerator\release\quartusp.19fabf05.tlog\link.read.1.tlog
c:\users\suokuism\programming\kactus2dev\plugins\quartusprojectgenerator\release\quartusp.19fabf05.tlog\link.secondary.1.tlog
c:\users\suokuism\programming\kactus2dev\plugins\quartusprojectgenerator\release\quartusp.19fabf05.tlog\link.write.1.tlog
c:\users\suokuism\programming\kactus2dev\plugins\quartusprojectgenerator\release\quartusp.19fabf05.tlog\moc.read.1u.tlog
c:\users\suokuism\programming\kactus2dev\plugins\quartusprojectgenerator\release\quartusp.19fabf05.tlog\moc.write.1u.tlog
c:\users\suokuism\programming\kactus2dev\plugins\quartusprojectgenerator\release\quartusp.19fabf05.tlog\quartusprojectgenerator.write.1u.tlog
c:\users\suokuism\programming\kactus2dev\plugins\quartusprojectgenerator\release\quartusp.19fabf05.tlog\rcc.read.1u.tlog
c:\users\suokuism\programming\kactus2dev\plugins\quartusprojectgenerator\release\quartusp.19fabf05.tlog\rcc.write.1u.tlog
