c:\users\suokuism\programming\kactus2dev\plugins\memorymapheadergenerator\release\qrc_memorymapheadergenerator.obj
c:\users\suokuism\programming\kactus2dev\plugins\memorymapheadergenerator\release\filesavedialogview.obj
c:\users\suokuism\programming\kactus2dev\plugins\memorymapheadergenerator\release\localheadersavemodel.obj
c:\users\suokuism\programming\kactus2dev\plugins\memorymapheadergenerator\release\globalmemorymapheaderwriter.obj
c:\users\suokuism\programming\kactus2dev\plugins\memorymapheadergenerator\release\globalheadersavemodel.obj
c:\users\suokuism\programming\kactus2dev\plugins\memorymapheadergenerator\release\systemmemorymapheaderwriter.obj
c:\users\suokuism\programming\kactus2dev\plugins\memorymapheadergenerator\release\localheadersavedelegate.obj
c:\users\suokuism\programming\kactus2dev\plugins\memorymapheadergenerator\release\memorymapheadergenerator.obj
c:\users\suokuism\programming\kactus2dev\plugins\memorymapheadergenerator\release\localmemorymapheaderwriter.obj
c:\users\suokuism\programming\kactus2dev\plugins\memorymapheadergenerator\release\viewselector.obj
c:\users\suokuism\programming\kactus2dev\plugins\memorymapheadergenerator\release\filesavedialog.obj
c:\users\suokuism\programming\kactus2dev\plugins\memorymapheadergenerator\release\basememorymapheaderwriter.obj
c:\users\suokuism\programming\kactus2dev\plugins\memorymapheadergenerator\release\systemheadersavemodel.obj
c:\users\suokuism\programming\kactus2dev\plugins\memorymapheadergenerator\release\moc_filesavedialog.obj
c:\users\suokuism\programming\kactus2dev\plugins\memorymapheadergenerator\release\moc_globalheadersavemodel.obj
c:\users\suokuism\programming\kactus2dev\plugins\memorymapheadergenerator\release\moc_localheadersavedelegate.obj
c:\users\suokuism\programming\kactus2dev\plugins\memorymapheadergenerator\release\moc_filesavedialogview.obj
c:\users\suokuism\programming\kactus2dev\plugins\memorymapheadergenerator\release\moc_systemheadersavemodel.obj
c:\users\suokuism\programming\kactus2dev\plugins\memorymapheadergenerator\release\moc_localheadersavemodel.obj
c:\users\suokuism\programming\kactus2dev\plugins\memorymapheadergenerator\release\moc_memorymapheadergenerator.obj
c:\users\suokuism\programming\kactus2dev\plugins\memorymapheadergenerator\release\moc_viewselector.obj
c:\users\suokuism\programming\kactus2dev\executable\plugins\memorymapheadergenerator.dll
c:\users\suokuism\programming\kactus2dev\plugins\memorymapheadergenerator\generatedfiles\qrc_memorymapheadergenerator.cpp
c:\users\suokuism\programming\kactus2dev\plugins\memorymapheadergenerator\generatedfiles\release\moc_viewselector.cpp
c:\users\suokuism\programming\kactus2dev\plugins\memorymapheadergenerator\generatedfiles\release\moc_systemheadersavemodel.cpp
c:\users\suokuism\programming\kactus2dev\plugins\memorymapheadergenerator\generatedfiles\release\moc_memorymapheadergenerator.cpp
c:\users\suokuism\programming\kactus2dev\plugins\memorymapheadergenerator\generatedfiles\release\moc_globalheadersavemodel.cpp
c:\users\suokuism\programming\kactus2dev\plugins\memorymapheadergenerator\generatedfiles\release\moc_localheadersavedelegate.cpp
c:\users\suokuism\programming\kactus2dev\plugins\memorymapheadergenerator\generatedfiles\release\moc_localheadersavemodel.cpp
c:\users\suokuism\programming\kactus2dev\plugins\memorymapheadergenerator\generatedfiles\release\moc_filesavedialog.cpp
c:\users\suokuism\programming\kactus2dev\plugins\memorymapheadergenerator\generatedfiles\release\moc_filesavedialogview.cpp
c:\users\suokuism\programming\kactus2dev\plugins\memorymapheadergenerator\.\generatedfiles\release\moc_viewselector.cpp
c:\users\suokuism\programming\kactus2dev\plugins\memorymapheadergenerator\.\generatedfiles\release\moc_systemheadersavemodel.cpp
c:\users\suokuism\programming\kactus2dev\plugins\memorymapheadergenerator\.\generatedfiles\release\moc_memorymapheadergenerator.cpp
c:\users\suokuism\programming\kactus2dev\plugins\memorymapheadergenerator\.\generatedfiles\release\moc_globalheadersavemodel.cpp
c:\users\suokuism\programming\kactus2dev\plugins\memorymapheadergenerator\.\generatedfiles\release\moc_localheadersavedelegate.cpp
c:\users\suokuism\programming\kactus2dev\plugins\memorymapheadergenerator\.\generatedfiles\release\moc_localheadersavemodel.cpp
c:\users\suokuism\programming\kactus2dev\plugins\memorymapheadergenerator\.\generatedfiles\release\moc_filesavedialog.cpp
c:\users\suokuism\programming\kactus2dev\plugins\memorymapheadergenerator\.\generatedfiles\release\moc_filesavedialogview.cpp
c:\users\suokuism\programming\kactus2dev\plugins\memorymapheadergenerator\.\generatedfiles\qrc_memorymapheadergenerator.cpp
c:\users\suokuism\programming\kactus2dev\executable\plugins\memorymapheadergenerator.lib
c:\users\suokuism\programming\kactus2dev\executable\plugins\memorymapheadergenerator.exp
c:\users\suokuism\programming\kactus2dev\plugins\memorymapheadergenerator\\release\memorymapheadergenerator.vcxproj.filelistabsolute.txt
c:\users\suokuism\programming\kactus2dev\plugins\memorymapheadergenerator\release\memoryma.c846486d.tlog\cl.command.1.tlog
c:\users\suokuism\programming\kactus2dev\plugins\memorymapheadergenerator\release\memoryma.c846486d.tlog\cl.items.tlog
c:\users\suokuism\programming\kactus2dev\plugins\memorymapheadergenerator\release\memoryma.c846486d.tlog\cl.read.1.tlog
c:\users\suokuism\programming\kactus2dev\plugins\memorymapheadergenerator\release\memoryma.c846486d.tlog\cl.write.1.tlog
c:\users\suokuism\programming\kactus2dev\plugins\memorymapheadergenerator\release\memoryma.c846486d.tlog\link.command.1.tlog
c:\users\suokuism\programming\kactus2dev\plugins\memorymapheadergenerator\release\memoryma.c846486d.tlog\link.read.1.tlog
c:\users\suokuism\programming\kactus2dev\plugins\memorymapheadergenerator\release\memoryma.c846486d.tlog\link.secondary.1.tlog
c:\users\suokuism\programming\kactus2dev\plugins\memorymapheadergenerator\release\memoryma.c846486d.tlog\link.write.1.tlog
c:\users\suokuism\programming\kactus2dev\plugins\memorymapheadergenerator\release\memoryma.c846486d.tlog\memorymapheadergenerator.write.1u.tlog
c:\users\suokuism\programming\kactus2dev\plugins\memorymapheadergenerator\release\memoryma.c846486d.tlog\moc.read.1u.tlog
c:\users\suokuism\programming\kactus2dev\plugins\memorymapheadergenerator\release\memoryma.c846486d.tlog\moc.write.1u.tlog
c:\users\suokuism\programming\kactus2dev\plugins\memorymapheadergenerator\release\memoryma.c846486d.tlog\rcc.read.1u.tlog
c:\users\suokuism\programming\kactus2dev\plugins\memorymapheadergenerator\release\memoryma.c846486d.tlog\rcc.write.1u.tlog
