c:\users\suokuism\programming\kactus2dev\plugins\modelsimgenerator\release\qrc_modelsimgenerator.obj
c:\users\suokuism\programming\kactus2dev\plugins\modelsimgenerator\release\messagepasser.obj
c:\users\suokuism\programming\kactus2dev\plugins\modelsimgenerator\release\modelsimgeneratorplugin.obj
c:\users\suokuism\programming\kactus2dev\plugins\modelsimgenerator\release\viewselection.obj
c:\users\suokuism\programming\kactus2dev\plugins\modelsimgenerator\release\viewselectionwidget.obj
c:\users\suokuism\programming\kactus2dev\plugins\modelsimgenerator\release\modelsimdocument.obj
c:\users\suokuism\programming\kactus2dev\plugins\modelsimgenerator\release\generationcontrol.obj
c:\users\suokuism\programming\kactus2dev\plugins\modelsimgenerator\release\modelsimwriter.obj
c:\users\suokuism\programming\kactus2dev\plugins\modelsimgenerator\release\componentsearch.obj
c:\users\suokuism\programming\kactus2dev\plugins\modelsimgenerator\release\metacomponent.obj
c:\users\suokuism\programming\kactus2dev\plugins\modelsimgenerator\release\metainstance.obj
c:\users\suokuism\programming\kactus2dev\plugins\modelsimgenerator\release\outputcontrol.obj
c:\users\suokuism\programming\kactus2dev\plugins\modelsimgenerator\release\messageconsole.obj
c:\users\suokuism\programming\kactus2dev\plugins\modelsimgenerator\release\modelsimwriterfactory.obj
c:\users\suokuism\programming\kactus2dev\plugins\modelsimgenerator\release\hdlgenerationdialog.obj
c:\users\suokuism\programming\kactus2dev\plugins\modelsimgenerator\release\metadesign.obj
c:\users\suokuism\programming\kactus2dev\plugins\modelsimgenerator\release\fileoutputwidget.obj
c:\users\suokuism\programming\kactus2dev\plugins\modelsimgenerator\release\moc_viewselectionwidget.obj
c:\users\suokuism\programming\kactus2dev\plugins\modelsimgenerator\release\moc_modelsimgeneratorplugin.obj
c:\users\suokuism\programming\kactus2dev\plugins\modelsimgenerator\release\moc_messagepasser.obj
c:\users\suokuism\programming\kactus2dev\plugins\modelsimgenerator\release\moc_hdlgenerationdialog.obj
c:\users\suokuism\programming\kactus2dev\plugins\modelsimgenerator\release\moc_messageconsole.obj
c:\users\suokuism\programming\kactus2dev\plugins\modelsimgenerator\release\moc_fileoutputwidget.obj
c:\users\suokuism\programming\kactus2dev\executable\plugins\modelsimgenerator.dll
c:\users\suokuism\programming\kactus2dev\plugins\modelsimgenerator\.\generatedfiles\release\moc_modelsimgeneratorplugin.cpp
c:\users\suokuism\programming\kactus2dev\plugins\modelsimgenerator\.\generatedfiles\release\moc_messageconsole.cpp
c:\users\suokuism\programming\kactus2dev\plugins\modelsimgenerator\.\generatedfiles\release\moc_fileoutputwidget.cpp
c:\users\suokuism\programming\kactus2dev\plugins\modelsimgenerator\.\generatedfiles\release\moc_hdlgenerationdialog.cpp
c:\users\suokuism\programming\kactus2dev\plugins\modelsimgenerator\.\generatedfiles\release\moc_messagepasser.cpp
c:\users\suokuism\programming\kactus2dev\plugins\modelsimgenerator\.\generatedfiles\release\moc_viewselectionwidget.cpp
c:\users\suokuism\programming\kactus2dev\plugins\modelsimgenerator\generatedfiles\qrc_modelsimgenerator.cpp
c:\users\suokuism\programming\kactus2dev\plugins\modelsimgenerator\generatedfiles\release\moc_modelsimgeneratorplugin.cpp
c:\users\suokuism\programming\kactus2dev\plugins\modelsimgenerator\generatedfiles\release\moc_messageconsole.cpp
c:\users\suokuism\programming\kactus2dev\plugins\modelsimgenerator\generatedfiles\release\moc_fileoutputwidget.cpp
c:\users\suokuism\programming\kactus2dev\plugins\modelsimgenerator\generatedfiles\release\moc_hdlgenerationdialog.cpp
c:\users\suokuism\programming\kactus2dev\plugins\modelsimgenerator\generatedfiles\release\moc_messagepasser.cpp
c:\users\suokuism\programming\kactus2dev\plugins\modelsimgenerator\generatedfiles\release\moc_viewselectionwidget.cpp
c:\users\suokuism\programming\kactus2dev\plugins\modelsimgenerator\.\generatedfiles\qrc_modelsimgenerator.cpp
c:\users\suokuism\programming\kactus2dev\executable\plugins\modelsimgenerator.lib
c:\users\suokuism\programming\kactus2dev\executable\plugins\modelsimgenerator.exp
c:\users\suokuism\programming\kactus2dev\plugins\modelsimgenerator\\release\modelsimgenerator.vcxproj.filelistabsolute.txt
c:\users\suokuism\programming\kactus2dev\plugins\modelsimgenerator\release\modelsim.09c39723.tlog\cl.command.1.tlog
c:\users\suokuism\programming\kactus2dev\plugins\modelsimgenerator\release\modelsim.09c39723.tlog\cl.items.tlog
c:\users\suokuism\programming\kactus2dev\plugins\modelsimgenerator\release\modelsim.09c39723.tlog\cl.read.1.tlog
c:\users\suokuism\programming\kactus2dev\plugins\modelsimgenerator\release\modelsim.09c39723.tlog\cl.write.1.tlog
c:\users\suokuism\programming\kactus2dev\plugins\modelsimgenerator\release\modelsim.09c39723.tlog\link.command.1.tlog
c:\users\suokuism\programming\kactus2dev\plugins\modelsimgenerator\release\modelsim.09c39723.tlog\link.read.1.tlog
c:\users\suokuism\programming\kactus2dev\plugins\modelsimgenerator\release\modelsim.09c39723.tlog\link.secondary.1.tlog
c:\users\suokuism\programming\kactus2dev\plugins\modelsimgenerator\release\modelsim.09c39723.tlog\link.write.1.tlog
c:\users\suokuism\programming\kactus2dev\plugins\modelsimgenerator\release\modelsim.09c39723.tlog\moc.read.1u.tlog
c:\users\suokuism\programming\kactus2dev\plugins\modelsimgenerator\release\modelsim.09c39723.tlog\moc.write.1u.tlog
c:\users\suokuism\programming\kactus2dev\plugins\modelsimgenerator\release\modelsim.09c39723.tlog\modelsimgenerator.write.1u.tlog
c:\users\suokuism\programming\kactus2dev\plugins\modelsimgenerator\release\modelsim.09c39723.tlog\rcc.read.1u.tlog
c:\users\suokuism\programming\kactus2dev\plugins\modelsimgenerator\release\modelsim.09c39723.tlog\rcc.write.1u.tlog
