c:\users\suokuism\programming\kactus2dev\plugins\alterabspgenerator\generatedfiles\qrc_alterabspgenerator.cpp
c:\users\suokuism\programming\kactus2dev\plugins\alterabspgenerator\generatedfiles\release\moc_commandlinegeneratordialog.cpp
c:\users\suokuism\programming\kactus2dev\plugins\alterabspgenerator\generatedfiles\release\moc_commandlineconsole.cpp
c:\users\suokuism\programming\kactus2dev\plugins\alterabspgenerator\generatedfiles\release\moc_alterabspgenerator.cpp
c:\users\suokuism\programming\kactus2dev\plugins\alterabspgenerator\generatedfiles\release\moc_alterabspgeneratordialog.cpp
c:\users\suokuism\programming\kactus2dev\plugins\alterabspgenerator\generatedfiles\release\moc_viewselector.cpp
c:\users\suokuism\programming\kactus2dev\plugins\alterabspgenerator\release\qrc_alterabspgenerator.obj
c:\users\suokuism\programming\kactus2dev\plugins\alterabspgenerator\release\alterabspgeneratordialog.obj
c:\users\suokuism\programming\kactus2dev\plugins\alterabspgenerator\release\commandlineconsole.obj
c:\users\suokuism\programming\kactus2dev\plugins\alterabspgenerator\release\viewselector.obj
c:\users\suokuism\programming\kactus2dev\plugins\alterabspgenerator\release\commandlinegeneratordialog.obj
c:\users\suokuism\programming\kactus2dev\plugins\alterabspgenerator\release\alterabspgenerator.obj
c:\users\suokuism\programming\kactus2dev\plugins\alterabspgenerator\release\moc_commandlinegeneratordialog.obj
c:\users\suokuism\programming\kactus2dev\plugins\alterabspgenerator\release\moc_viewselector.obj
c:\users\suokuism\programming\kactus2dev\plugins\alterabspgenerator\release\moc_alterabspgenerator.obj
c:\users\suokuism\programming\kactus2dev\plugins\alterabspgenerator\release\moc_alterabspgeneratordialog.obj
c:\users\suokuism\programming\kactus2dev\plugins\alterabspgenerator\release\moc_commandlineconsole.obj
c:\users\suokuism\programming\kactus2dev\executable\plugins\alterabspgenerator.dll
c:\users\suokuism\programming\kactus2dev\plugins\alterabspgenerator\.\generatedfiles\release\moc_commandlinegeneratordialog.cpp
c:\users\suokuism\programming\kactus2dev\plugins\alterabspgenerator\.\generatedfiles\release\moc_commandlineconsole.cpp
c:\users\suokuism\programming\kactus2dev\plugins\alterabspgenerator\.\generatedfiles\release\moc_alterabspgenerator.cpp
c:\users\suokuism\programming\kactus2dev\plugins\alterabspgenerator\.\generatedfiles\release\moc_alterabspgeneratordialog.cpp
c:\users\suokuism\programming\kactus2dev\plugins\alterabspgenerator\.\generatedfiles\release\moc_viewselector.cpp
c:\users\suokuism\programming\kactus2dev\plugins\alterabspgenerator\.\generatedfiles\qrc_alterabspgenerator.cpp
c:\users\suokuism\programming\kactus2dev\executable\plugins\alterabspgenerator.lib
c:\users\suokuism\programming\kactus2dev\executable\plugins\alterabspgenerator.exp
c:\users\suokuism\programming\kactus2dev\plugins\alterabspgenerator\\release\alterabspgenerator.vcxproj.filelistabsolute.txt
c:\users\suokuism\programming\kactus2dev\plugins\alterabspgenerator\release\alterabs.16c73fc5.tlog\alterabspgenerator.write.1u.tlog
c:\users\suokuism\programming\kactus2dev\plugins\alterabspgenerator\release\alterabs.16c73fc5.tlog\cl.command.1.tlog
c:\users\suokuism\programming\kactus2dev\plugins\alterabspgenerator\release\alterabs.16c73fc5.tlog\cl.items.tlog
c:\users\suokuism\programming\kactus2dev\plugins\alterabspgenerator\release\alterabs.16c73fc5.tlog\cl.read.1.tlog
c:\users\suokuism\programming\kactus2dev\plugins\alterabspgenerator\release\alterabs.16c73fc5.tlog\cl.write.1.tlog
c:\users\suokuism\programming\kactus2dev\plugins\alterabspgenerator\release\alterabs.16c73fc5.tlog\link.command.1.tlog
c:\users\suokuism\programming\kactus2dev\plugins\alterabspgenerator\release\alterabs.16c73fc5.tlog\link.read.1.tlog
c:\users\suokuism\programming\kactus2dev\plugins\alterabspgenerator\release\alterabs.16c73fc5.tlog\link.secondary.1.tlog
c:\users\suokuism\programming\kactus2dev\plugins\alterabspgenerator\release\alterabs.16c73fc5.tlog\link.write.1.tlog
c:\users\suokuism\programming\kactus2dev\plugins\alterabspgenerator\release\alterabs.16c73fc5.tlog\moc.read.1u.tlog
c:\users\suokuism\programming\kactus2dev\plugins\alterabspgenerator\release\alterabs.16c73fc5.tlog\moc.write.1u.tlog
c:\users\suokuism\programming\kactus2dev\plugins\alterabspgenerator\release\alterabs.16c73fc5.tlog\rcc.read.1u.tlog
c:\users\suokuism\programming\kactus2dev\plugins\alterabspgenerator\release\alterabs.16c73fc5.tlog\rcc.write.1u.tlog
