c:\users\suokuism\programming\kactus2dev\plugins\linuxdevicetree\release\vc143.pdb
c:\users\suokuism\programming\kactus2dev\plugins\linuxdevicetree\release\qrc_linuxdevicetree.obj
c:\users\suokuism\programming\kactus2dev\plugins\linuxdevicetree\release\masterslavepathsearch.obj
c:\users\suokuism\programming\kactus2dev\plugins\linuxdevicetree\release\linuxdevicetreedialog.obj
c:\users\suokuism\programming\kactus2dev\plugins\linuxdevicetree\release\memoryitem.obj
c:\users\suokuism\programming\kactus2dev\plugins\linuxdevicetree\release\linuxdevicetreecpumodel.obj
c:\users\suokuism\programming\kactus2dev\plugins\linuxdevicetree\release\connectivityinterface.obj
c:\users\suokuism\programming\kactus2dev\plugins\linuxdevicetree\release\linuxdevicetreecpueditor.obj
c:\users\suokuism\programming\kactus2dev\plugins\linuxdevicetree\release\memorydesignerconstants.obj
c:\users\suokuism\programming\kactus2dev\plugins\linuxdevicetree\release\linuxdevicetreecpuroutescontainer.obj
c:\users\suokuism\programming\kactus2dev\plugins\linuxdevicetree\release\connectivitygraph.obj
c:\users\suokuism\programming\kactus2dev\plugins\linuxdevicetree\release\linuxdevicetreecpudetails.obj
c:\users\suokuism\programming\kactus2dev\plugins\linuxdevicetree\release\connectivitygraphfactory.obj
c:\users\suokuism\programming\kactus2dev\plugins\linuxdevicetree\release\cpuroutescontainer.obj
c:\users\suokuism\programming\kactus2dev\plugins\linuxdevicetree\release\connectivityconnection.obj
c:\users\suokuism\programming\kactus2dev\plugins\linuxdevicetree\release\viewselection.obj
c:\users\suokuism\programming\kactus2dev\plugins\linuxdevicetree\release\memoryconnectionaddresscalculator.obj
c:\users\suokuism\programming\kactus2dev\plugins\linuxdevicetree\release\linuxdevicetreeplugin.obj
c:\users\suokuism\programming\kactus2dev\plugins\linuxdevicetree\release\connectivitycomponent.obj
c:\users\suokuism\programming\kactus2dev\plugins\linuxdevicetree\release\linuxdevicetreecpudelegate.obj
c:\users\suokuism\programming\kactus2dev\plugins\linuxdevicetree\release\singlecpuroutescontainer.obj
c:\users\suokuism\programming\kactus2dev\plugins\linuxdevicetree\release\linuxdevicetreegenerator.obj
c:\users\suokuism\programming\kactus2dev\plugins\linuxdevicetree\release\connectivitygraphutilities.obj
c:\users\suokuism\programming\kactus2dev\plugins\linuxdevicetree\release\moc_linuxdevicetreecpumodel.obj
c:\users\suokuism\programming\kactus2dev\plugins\linuxdevicetree\release\moc_linuxdevicetreedialog.obj
c:\users\suokuism\programming\kactus2dev\plugins\linuxdevicetree\release\moc_linuxdevicetreecpudelegate.obj
c:\users\suokuism\programming\kactus2dev\plugins\linuxdevicetree\release\moc_linuxdevicetreeplugin.obj
c:\users\suokuism\programming\kactus2dev\plugins\linuxdevicetree\release\moc_linuxdevicetreecpueditor.obj
c:\users\suokuism\programming\kactus2dev\executable\plugins\linuxdevicetreegenerator.dll
c:\users\suokuism\programming\kactus2dev\executable\plugins\linuxdevicetreegenerator.pdb
c:\users\suokuism\programming\kactus2dev\plugins\linuxdevicetree\generatedfiles\qrc_linuxdevicetree.cpp
c:\users\suokuism\programming\kactus2dev\plugins\linuxdevicetree\generatedfiles\moc_linuxdevicetreedialog.cpp
c:\users\suokuism\programming\kactus2dev\plugins\linuxdevicetree\generatedfiles\moc_linuxdevicetreecpumodel.cpp
c:\users\suokuism\programming\kactus2dev\plugins\linuxdevicetree\generatedfiles\moc_linuxdevicetreecpudelegate.cpp
c:\users\suokuism\programming\kactus2dev\plugins\linuxdevicetree\generatedfiles\moc_linuxdevicetreecpueditor.cpp
c:\users\suokuism\programming\kactus2dev\plugins\linuxdevicetree\generatedfiles\moc_linuxdevicetreeplugin.cpp
c:\users\suokuism\programming\kactus2dev\plugins\linuxdevicetree\.\generatedfiles\moc_linuxdevicetreedialog.cpp
c:\users\suokuism\programming\kactus2dev\plugins\linuxdevicetree\.\generatedfiles\moc_linuxdevicetreecpumodel.cpp
c:\users\suokuism\programming\kactus2dev\plugins\linuxdevicetree\.\generatedfiles\moc_linuxdevicetreecpudelegate.cpp
c:\users\suokuism\programming\kactus2dev\plugins\linuxdevicetree\.\generatedfiles\moc_linuxdevicetreecpueditor.cpp
c:\users\suokuism\programming\kactus2dev\plugins\linuxdevicetree\.\generatedfiles\moc_linuxdevicetreeplugin.cpp
c:\users\suokuism\programming\kactus2dev\plugins\linuxdevicetree\.\generatedfiles\qrc_linuxdevicetree.cpp
c:\users\suokuism\programming\kactus2dev\executable\plugins\linuxdevicetreegenerator.lib
c:\users\suokuism\programming\kactus2dev\executable\plugins\linuxdevicetreegenerator.exp
c:\users\suokuism\programming\kactus2dev\executable\plugins\linuxdevicetreegenerator.ilk
c:\users\suokuism\programming\kactus2dev\plugins\linuxdevicetree\\release\linuxdevicetreegenerator.vcxproj.filelistabsolute.txt
c:\users\suokuism\programming\kactus2dev\plugins\linuxdevicetree\release\linuxdev.e5ec0c47.tlog\cl.command.1.tlog
c:\users\suokuism\programming\kactus2dev\plugins\linuxdevicetree\release\linuxdev.e5ec0c47.tlog\cl.items.tlog
c:\users\suokuism\programming\kactus2dev\plugins\linuxdevicetree\release\linuxdev.e5ec0c47.tlog\cl.read.1.tlog
c:\users\suokuism\programming\kactus2dev\plugins\linuxdevicetree\release\linuxdev.e5ec0c47.tlog\cl.write.1.tlog
c:\users\suokuism\programming\kactus2dev\plugins\linuxdevicetree\release\linuxdev.e5ec0c47.tlog\link.command.1.tlog
c:\users\suokuism\programming\kactus2dev\plugins\linuxdevicetree\release\linuxdev.e5ec0c47.tlog\link.read.1.tlog
c:\users\suokuism\programming\kactus2dev\plugins\linuxdevicetree\release\linuxdev.e5ec0c47.tlog\link.secondary.1.tlog
c:\users\suokuism\programming\kactus2dev\plugins\linuxdevicetree\release\linuxdev.e5ec0c47.tlog\link.write.1.tlog
c:\users\suokuism\programming\kactus2dev\plugins\linuxdevicetree\release\linuxdev.e5ec0c47.tlog\linuxdevicetreegenerator.write.1u.tlog
c:\users\suokuism\programming\kactus2dev\plugins\linuxdevicetree\release\linuxdev.e5ec0c47.tlog\moc.read.1u.tlog
c:\users\suokuism\programming\kactus2dev\plugins\linuxdevicetree\release\linuxdev.e5ec0c47.tlog\moc.write.1u.tlog
c:\users\suokuism\programming\kactus2dev\plugins\linuxdevicetree\release\linuxdev.e5ec0c47.tlog\rcc.read.1u.tlog
c:\users\suokuism\programming\kactus2dev\plugins\linuxdevicetree\release\linuxdev.e5ec0c47.tlog\rcc.write.1u.tlog
