c:\users\suokuism\programming\kactus2dev\plugins\padspartgenerator\release\qrc_padspartgenerator.obj
c:\users\suokuism\programming\kactus2dev\plugins\padspartgenerator\release\padspartgeneratordialog.obj
c:\users\suokuism\programming\kactus2dev\plugins\padspartgenerator\release\padspartgenerator.obj
c:\users\suokuism\programming\kactus2dev\plugins\padspartgenerator\release\moc_padspartgeneratordialog.obj
c:\users\suokuism\programming\kactus2dev\plugins\padspartgenerator\release\moc_padspartgenerator.obj
c:\users\suokuism\programming\kactus2dev\executable\plugins\padspartgenerator.dll
c:\users\suokuism\programming\kactus2dev\plugins\padspartgenerator\.\generatedfiles\release\moc_padspartgenerator.cpp
c:\users\suokuism\programming\kactus2dev\plugins\padspartgenerator\.\generatedfiles\release\moc_padspartgeneratordialog.cpp
c:\users\suokuism\programming\kactus2dev\plugins\padspartgenerator\generatedfiles\qrc_padspartgenerator.cpp
c:\users\suokuism\programming\kactus2dev\plugins\padspartgenerator\generatedfiles\release\moc_padspartgenerator.cpp
c:\users\suokuism\programming\kactus2dev\plugins\padspartgenerator\generatedfiles\release\moc_padspartgeneratordialog.cpp
c:\users\suokuism\programming\kactus2dev\plugins\padspartgenerator\.\generatedfiles\qrc_padspartgenerator.cpp
c:\users\suokuism\programming\kactus2dev\executable\plugins\padspartgenerator.lib
c:\users\suokuism\programming\kactus2dev\executable\plugins\padspartgenerator.exp
c:\users\suokuism\programming\kactus2dev\plugins\padspartgenerator\\release\padspartgenerator.vcxproj.filelistabsolute.txt
c:\users\suokuism\programming\kactus2dev\plugins\padspartgenerator\release\padspart.a84e0600.tlog\cl.command.1.tlog
c:\users\suokuism\programming\kactus2dev\plugins\padspartgenerator\release\padspart.a84e0600.tlog\cl.items.tlog
c:\users\suokuism\programming\kactus2dev\plugins\padspartgenerator\release\padspart.a84e0600.tlog\cl.read.1.tlog
c:\users\suokuism\programming\kactus2dev\plugins\padspartgenerator\release\padspart.a84e0600.tlog\cl.write.1.tlog
c:\users\suokuism\programming\kactus2dev\plugins\padspartgenerator\release\padspart.a84e0600.tlog\link.command.1.tlog
c:\users\suokuism\programming\kactus2dev\plugins\padspartgenerator\release\padspart.a84e0600.tlog\link.read.1.tlog
c:\users\suokuism\programming\kactus2dev\plugins\padspartgenerator\release\padspart.a84e0600.tlog\link.secondary.1.tlog
c:\users\suokuism\programming\kactus2dev\plugins\padspartgenerator\release\padspart.a84e0600.tlog\link.write.1.tlog
c:\users\suokuism\programming\kactus2dev\plugins\padspartgenerator\release\padspart.a84e0600.tlog\moc.read.1u.tlog
c:\users\suokuism\programming\kactus2dev\plugins\padspartgenerator\release\padspart.a84e0600.tlog\moc.write.1u.tlog
c:\users\suokuism\programming\kactus2dev\plugins\padspartgenerator\release\padspart.a84e0600.tlog\padspartgenerator.write.1u.tlog
c:\users\suokuism\programming\kactus2dev\plugins\padspartgenerator\release\padspart.a84e0600.tlog\rcc.read.1u.tlog
c:\users\suokuism\programming\kactus2dev\plugins\padspartgenerator\release\padspart.a84e0600.tlog\rcc.write.1u.tlog
