c:\users\suokuism\programming\kactus2dev\plugins\memoryviewgenerator\release\vc143.pdb
c:\users\suokuism\programming\kactus2dev\plugins\memoryviewgenerator\release\qrc_memoryviewgenerator.obj
c:\users\suokuism\programming\kactus2dev\plugins\memoryviewgenerator\release\connectivityconnection.obj
c:\users\suokuism\programming\kactus2dev\plugins\memoryviewgenerator\release\viewselection.obj
c:\users\suokuism\programming\kactus2dev\plugins\memoryviewgenerator\release\metacomponent.obj
c:\users\suokuism\programming\kactus2dev\plugins\memoryviewgenerator\release\connectivitygraphfactory.obj
c:\users\suokuism\programming\kactus2dev\plugins\memoryviewgenerator\release\connectivityinterface.obj
c:\users\suokuism\programming\kactus2dev\plugins\memoryviewgenerator\release\outputcontrol.obj
c:\users\suokuism\programming\kactus2dev\plugins\memoryviewgenerator\release\metadesign.obj
c:\users\suokuism\programming\kactus2dev\plugins\memoryviewgenerator\release\componentsearch.obj
c:\users\suokuism\programming\kactus2dev\plugins\memoryviewgenerator\release\memoryitem.obj
c:\users\suokuism\programming\kactus2dev\plugins\memoryviewgenerator\release\connectivitygraph.obj
c:\users\suokuism\programming\kactus2dev\plugins\memoryviewgenerator\release\metainstance.obj
c:\users\suokuism\programming\kactus2dev\plugins\memoryviewgenerator\release\generationcontrol.obj
c:\users\suokuism\programming\kactus2dev\plugins\memoryviewgenerator\release\masterslavepathsearch.obj
c:\users\suokuism\programming\kactus2dev\plugins\memoryviewgenerator\release\memoryviewgeneratorplugin.obj
c:\users\suokuism\programming\kactus2dev\plugins\memoryviewgenerator\release\connectivitycomponent.obj
c:\users\suokuism\programming\kactus2dev\plugins\memoryviewgenerator\release\memoryviewgenerator.obj
c:\users\suokuism\programming\kactus2dev\plugins\memoryviewgenerator\release\moc_memoryviewgeneratorplugin.obj
c:\users\suokuism\programming\kactus2dev\executable\plugins\memoryviewgenerator.dll
c:\users\suokuism\programming\kactus2dev\executable\plugins\memoryviewgenerator.pdb
c:\users\suokuism\programming\kactus2dev\plugins\memoryviewgenerator\generatedfiles\qrc_memoryviewgenerator.cpp
c:\users\suokuism\programming\kactus2dev\plugins\memoryviewgenerator\generatedfiles\release\moc_memoryviewgeneratorplugin.cpp
c:\users\suokuism\programming\kactus2dev\plugins\memoryviewgenerator\.\generatedfiles\release\moc_memoryviewgeneratorplugin.cpp
c:\users\suokuism\programming\kactus2dev\plugins\memoryviewgenerator\.\generatedfiles\qrc_memoryviewgenerator.cpp
c:\users\suokuism\programming\kactus2dev\executable\plugins\memoryviewgenerator.lib
c:\users\suokuism\programming\kactus2dev\executable\plugins\memoryviewgenerator.exp
c:\users\suokuism\programming\kactus2dev\executable\plugins\memoryviewgenerator.ilk
c:\users\suokuism\programming\kactus2dev\plugins\memoryviewgenerator\\release\memoryviewgenerator.vcxproj.filelistabsolute.txt
c:\users\suokuism\programming\kactus2dev\plugins\memoryviewgenerator\release\memoryvi.8fc8d073.tlog\cl.command.1.tlog
c:\users\suokuism\programming\kactus2dev\plugins\memoryviewgenerator\release\memoryvi.8fc8d073.tlog\cl.items.tlog
c:\users\suokuism\programming\kactus2dev\plugins\memoryviewgenerator\release\memoryvi.8fc8d073.tlog\cl.read.1.tlog
c:\users\suokuism\programming\kactus2dev\plugins\memoryviewgenerator\release\memoryvi.8fc8d073.tlog\cl.write.1.tlog
c:\users\suokuism\programming\kactus2dev\plugins\memoryviewgenerator\release\memoryvi.8fc8d073.tlog\link.command.1.tlog
c:\users\suokuism\programming\kactus2dev\plugins\memoryviewgenerator\release\memoryvi.8fc8d073.tlog\link.read.1.tlog
c:\users\suokuism\programming\kactus2dev\plugins\memoryviewgenerator\release\memoryvi.8fc8d073.tlog\link.secondary.1.tlog
c:\users\suokuism\programming\kactus2dev\plugins\memoryviewgenerator\release\memoryvi.8fc8d073.tlog\link.write.1.tlog
c:\users\suokuism\programming\kactus2dev\plugins\memoryviewgenerator\release\memoryvi.8fc8d073.tlog\memoryviewgenerator.write.1u.tlog
c:\users\suokuism\programming\kactus2dev\plugins\memoryviewgenerator\release\memoryvi.8fc8d073.tlog\moc.read.1u.tlog
c:\users\suokuism\programming\kactus2dev\plugins\memoryviewgenerator\release\memoryvi.8fc8d073.tlog\moc.write.1u.tlog
c:\users\suokuism\programming\kactus2dev\plugins\memoryviewgenerator\release\memoryvi.8fc8d073.tlog\rcc.read.1u.tlog
c:\users\suokuism\programming\kactus2dev\plugins\memoryviewgenerator\release\memoryvi.8fc8d073.tlog\rcc.write.1u.tlog
