c:\users\suokuism\programming\kactus2dev\plugins\mcapicodegenerator\release\qrc_mcapicodegenerator.obj
c:\users\suokuism\programming\kactus2dev\plugins\mcapicodegenerator\release\namegenerationpolicy.obj
c:\users\suokuism\programming\kactus2dev\plugins\mcapicodegenerator\release\mcapicodegeneratorplugin.obj
c:\users\suokuism\programming\kactus2dev\plugins\mcapicodegenerator\release\mcapiparser.obj
c:\users\suokuism\programming\kactus2dev\plugins\mcapicodegenerator\release\comboselector.obj
c:\users\suokuism\programming\kactus2dev\plugins\mcapicodegenerator\release\mcapiheadergenerator.obj
c:\users\suokuism\programming\kactus2dev\plugins\mcapicodegenerator\release\mcapicodegenerator.obj
c:\users\suokuism\programming\kactus2dev\plugins\mcapicodegenerator\release\csourcewriter.obj
c:\users\suokuism\programming\kactus2dev\plugins\mcapicodegenerator\release\moc_mcapicodegeneratorplugin.obj
c:\users\suokuism\programming\kactus2dev\plugins\mcapicodegenerator\release\moc_comboselector.obj
c:\users\suokuism\programming\kactus2dev\executable\plugins\mcapicodegenerator.dll
c:\users\suokuism\programming\kactus2dev\plugins\mcapicodegenerator\generatedfiles\qrc_mcapicodegenerator.cpp
c:\users\suokuism\programming\kactus2dev\plugins\mcapicodegenerator\generatedfiles\release\moc_comboselector.cpp
c:\users\suokuism\programming\kactus2dev\plugins\mcapicodegenerator\generatedfiles\release\moc_mcapicodegeneratorplugin.cpp
c:\users\suokuism\programming\kactus2dev\plugins\mcapicodegenerator\.\generatedfiles\release\moc_comboselector.cpp
c:\users\suokuism\programming\kactus2dev\plugins\mcapicodegenerator\.\generatedfiles\release\moc_mcapicodegeneratorplugin.cpp
c:\users\suokuism\programming\kactus2dev\plugins\mcapicodegenerator\.\generatedfiles\qrc_mcapicodegenerator.cpp
c:\users\suokuism\programming\kactus2dev\executable\plugins\mcapicodegenerator.lib
c:\users\suokuism\programming\kactus2dev\executable\plugins\mcapicodegenerator.exp
c:\users\suokuism\programming\kactus2dev\plugins\mcapicodegenerator\\release\mcapicodegenerator.vcxproj.filelistabsolute.txt
c:\users\suokuism\programming\kactus2dev\plugins\mcapicodegenerator\release\mcapicod.aa63be2d.tlog\cl.command.1.tlog
c:\users\suokuism\programming\kactus2dev\plugins\mcapicodegenerator\release\mcapicod.aa63be2d.tlog\cl.items.tlog
c:\users\suokuism\programming\kactus2dev\plugins\mcapicodegenerator\release\mcapicod.aa63be2d.tlog\cl.read.1.tlog
c:\users\suokuism\programming\kactus2dev\plugins\mcapicodegenerator\release\mcapicod.aa63be2d.tlog\cl.write.1.tlog
c:\users\suokuism\programming\kactus2dev\plugins\mcapicodegenerator\release\mcapicod.aa63be2d.tlog\link.command.1.tlog
c:\users\suokuism\programming\kactus2dev\plugins\mcapicodegenerator\release\mcapicod.aa63be2d.tlog\link.read.1.tlog
c:\users\suokuism\programming\kactus2dev\plugins\mcapicodegenerator\release\mcapicod.aa63be2d.tlog\link.secondary.1.tlog
c:\users\suokuism\programming\kactus2dev\plugins\mcapicodegenerator\release\mcapicod.aa63be2d.tlog\link.write.1.tlog
c:\users\suokuism\programming\kactus2dev\plugins\mcapicodegenerator\release\mcapicod.aa63be2d.tlog\mcapicodegenerator.write.1u.tlog
c:\users\suokuism\programming\kactus2dev\plugins\mcapicodegenerator\release\mcapicod.aa63be2d.tlog\moc.read.1u.tlog
c:\users\suokuism\programming\kactus2dev\plugins\mcapicodegenerator\release\mcapicod.aa63be2d.tlog\moc.write.1u.tlog
c:\users\suokuism\programming\kactus2dev\plugins\mcapicodegenerator\release\mcapicod.aa63be2d.tlog\rcc.read.1u.tlog
c:\users\suokuism\programming\kactus2dev\plugins\mcapicodegenerator\release\mcapicod.aa63be2d.tlog\rcc.write.1u.tlog
